<?xml version="1.0" encoding="UTF-8"?>
<!-- Generated by org.testng.reporters.JUnitReportReporter -->
<testsuite skipped="0" hostname="PT-0065" name="Test.TestNG_Demo2" tests="1" failures="0" timestamp="26 set 2018 16:27:25 GMT" time="30.867" errors="0">
  <testcase name="GoogleSearch2" time="30.867" classname="Test.TestNG_Demo2"/>
</testsuite> <!-- Test.TestNG_Demo2 -->
