<?xml version="1.0" encoding="UTF-8"?>
<!-- Generated by org.testng.reporters.JUnitReportReporter -->
<testsuite skipped="0" hostname="PT-0065" name="Demo.TestNGPriorityDemo" tests="3" failures="0" timestamp="05 dez 2018 17:35:48 GMT" time="0.010" errors="0">
  <testcase name="one" time="0.010" classname="Demo.TestNGPriorityDemo"/>
  <testcase name="two" time="0.000" classname="Demo.TestNGPriorityDemo"/>
  <testcase name="three" time="0.000" classname="Demo.TestNGPriorityDemo"/>
</testsuite> <!-- Demo.TestNGPriorityDemo -->
