<?xml version="1.0" encoding="UTF-8"?>
<!-- Generated by org.testng.reporters.JUnitReportReporter -->
<testsuite skipped="0" hostname="PT-0065" name="utils.ExcelDataProvider" tests="3" failures="0" timestamp="05 dez 2018 12:42:44 GMT" time="9.299" errors="0">
  <testcase name="test1" time="4.486" classname="utils.ExcelDataProvider"/>
  <testcase name="test1" time="2.424" classname="utils.ExcelDataProvider"/>
  <testcase name="test1" time="2.389" classname="utils.ExcelDataProvider"/>
</testsuite> <!-- utils.ExcelDataProvider -->
