<?xml version="1.0" encoding="UTF-8"?>
<!-- Generated by org.testng.reporters.JUnitReportReporter -->
<testsuite skipped="1" hostname="PT-0065" name="Demo.TestNGIgnoreDemo" tests="3" failures="0" timestamp="10 dez 2018 15:35:17 GMT" time="0.009" errors="0">
  <testcase name="test3" time="0.001" classname="Demo.TestNGIgnoreDemo"/>
  <testcase name="test2" time="0.008" classname="Demo.TestNGIgnoreDemo"/>
  <testcase name="test1" classname="Demo.TestNGIgnoreDemo">
    <skipped/>
  </testcase> <!-- test1 -->
</testsuite> <!-- Demo.TestNGIgnoreDemo -->
