<?xml version="1.0" encoding="UTF-8"?>
<!-- Generated by org.testng.reporters.JUnitReportReporter -->
<testsuite skipped="0" hostname="PT-0065" name="Demo.TestNGGroupsDemo" tests="4" failures="0" timestamp="06 dez 2018 15:03:41 GMT" time="0.011" errors="0">
  <testcase name="test3" time="0.000" classname="Demo.TestNGGroupsDemo"/>
  <testcase name="test4" time="0.000" classname="Demo.TestNGGroupsDemo"/>
  <testcase name="test1" time="0.011" classname="Demo.TestNGGroupsDemo"/>
  <testcase name="test2" time="0.000" classname="Demo.TestNGGroupsDemo"/>
</testsuite> <!-- Demo.TestNGGroupsDemo -->
