<?xml version="1.0" encoding="UTF-8"?>
<!-- Generated by org.testng.reporters.JUnitReportReporter -->
<testsuite skipped="0" hostname="PT-0065" name="Demo.TestNGDependencyDemo" tests="3" failures="0" timestamp="06 dez 2018 15:05:22 GMT" time="0.017" errors="0">
  <testcase name="test3" time="0.001" classname="Demo.TestNGDependencyDemo"/>
  <testcase name="test1" time="0.002" classname="Demo.TestNGDependencyDemo"/>
  <testcase name="test2" time="0.014" classname="Demo.TestNGDependencyDemo"/>
</testsuite> <!-- Demo.TestNGDependencyDemo -->
